<?xml version="1.0" encoding="UTF-8"?>
<testsuite name="tests.basic_init.rules.CounterTest" tests="1" skipped="0" failures="0" errors="0" timestamp="2023-11-05T14:46:31" hostname="HMS-INTREPID" time="0.003">
  <properties/>
  <testcase name="test()" classname="tests.basic_init.rules.CounterTest" time="0.003"/>
  <system-out><![CDATA[15:46:31 --- New Round:  0 
15:46:31 --- Applying CounterEffect with VALUE=Blaze, COUNTER=2 on Reveler id-6 
15:46:31 --- Ward Rule:  Soldier id-0  breaks ward on  Reveler id-6  -  Fire 
15:46:31 --- Applied CounterEffect with VALUE=Blaze, COUNTER=2 on Reveler id-6  
15:46:31 --- Applying CounterEffect with VALUE=Blaze, COUNTER=2 on Reveler id-6 
15:46:31 --- Applied CounterEffect with VALUE=Blaze, COUNTER=2 on Reveler id-6  
15:46:31 --- Applying CounterEffect with VALUE=Haze, COUNTER=3 on Soldier id-0 
15:46:31 --- Applied CounterEffect with VALUE=Haze, COUNTER=3 on Soldier id-0  
15:46:31 --- Soldier id-0 's  Attack_Base  has changed by -3 
]]></system-out>
  <system-err><![CDATA[]]></system-err>
</testsuite>
