<?xml version="1.0" encoding="UTF-8"?>
<testsuite name="tests.basic_init.damage.DamageCalcTest" tests="1" skipped="0" failures="0" errors="0" timestamp="2023-11-05T14:46:31" hostname="HMS-INTREPID" time="0.001">
  <properties/>
  <testcase name="test()" classname="tests.basic_init.damage.DamageCalcTest" time="0.001"/>
  <system-out><![CDATA[15:46:31 --- New Round:  0 
15:46:31 --- Applying DamageEffect with DAMAGE_TYPE=Strike, VALUE=5 on Reveler id-6 
15:46:31 --- Reveler's cur  Health :  12  --->  7 
15:46:31 --- Applied DamageEffect with DAMAGE_TYPE=Strike, VALUE=5 on Reveler id-6  
]]></system-out>
  <system-err><![CDATA[]]></system-err>
</testsuite>
