<?xml version="1.0" encoding="UTF-8"?>
<testsuite name="tests.basic_init.exec.ConditionTest" tests="1" skipped="0" failures="0" errors="0" timestamp="2023-11-05T14:46:31" hostname="HMS-INTREPID" time="0.004">
  <properties/>
  <testcase name="test()" classname="tests.basic_init.exec.ConditionTest" time="0.004"/>
  <system-out><![CDATA[15:46:31 --- New Round:  0 
15:46:31 --- Soldier's cur  armor :  4  --->  1 
]]></system-out>
  <system-err><![CDATA[]]></system-err>
</testsuite>
