<?xml version="1.0" encoding="UTF-8"?>
<testsuite name="tests.basic_init.action.RetainTest" tests="1" skipped="0" failures="0" errors="0" timestamp="2023-11-05T14:46:31" hostname="HMS-INTREPID" time="0.074">
  <properties/>
  <testcase name="test()" classname="tests.basic_init.action.RetainTest" time="0.074"/>
  <system-out><![CDATA[15:46:31 --- New Round:  0 
15:46:31 --- Brace :  value  VAR set to  2  for  CustomTargetEffect 
15:46:31 --- Brace :  value_name  VAR set to  defense_all  for  CustomTargetEffect 
15:46:31 --- Applying Continuous ModifyStatEffect with VALUE=2, VALUE_NAME=defense_all
 retainCondition: elements.exec.condition.Conditions@76ba13c on Soldier id-0 
15:46:31 --- Applying ModifyStatEffect with VALUE=2, VALUE_NAME=defense_all on Soldier id-0 
15:46:31 --- Soldier's  defense_min :  2  --->  4 
15:46:31 --- Soldier's  defense_base :  4  --->  6 
15:46:31 --- Soldier's  defense_max :  5  --->  7 
15:46:31 --- Applied ModifyStatEffect with VALUE=2, VALUE_NAME=defense_all on Soldier id-0  
15:46:31 --- Applied Continuous ModifyStatEffect with VALUE=2, VALUE_NAME=defense_all
 retainCondition: elements.exec.condition.Conditions@76ba13c on Soldier id-0  
15:46:31 --- Soldier's cur  AP :  3  --->  1 
15:46:31 --- Applying ModifyStatEffect with VALUE=2, VALUE_NAME=defense_all on Soldier id-0 
15:46:31 --- Applied ModifyStatEffect with VALUE=2, VALUE_NAME=defense_all on Soldier id-0  
15:46:31 --- Applying DamageAttackEffect with VALUE_BASE=3, VALUE_MAX=4, VALUE_MIN=2, DAMAGE_TYPE=Strike on Reveler id-6 
15:46:31 --- Applied DamageAttackEffect with VALUE_BASE=3, VALUE_MAX=4, VALUE_MIN=2, DAMAGE_TYPE=Strike on Reveler id-6 HEALTH_REDUCED: 3
 
Input received: Reveler id-6
]]></system-out>
  <system-err><![CDATA[]]></system-err>
</testsuite>
