<?xml version="1.0" encoding="UTF-8"?>
<testsuite name="tests.basic_init.action.DefenseActionTest" tests="1" skipped="0" failures="0" errors="0" timestamp="2023-11-05T14:46:31" hostname="HMS-INTREPID" time="0.007">
  <properties/>
  <testcase name="test()" classname="tests.basic_init.action.DefenseActionTest" time="0.007"/>
  <system-out><![CDATA[15:46:31 --- New Round:  0 
15:46:31 --- Brace :  value  VAR set to  2  for  CustomTargetEffect 
15:46:31 --- Brace :  value_name  VAR set to  defense_all  for  CustomTargetEffect 
15:46:31 --- Applying Continuous ModifyStatEffect with VALUE=2, VALUE_NAME=defense_all
 retainCondition: elements.exec.condition.Conditions@3faf2e7d on Soldier id-0 
15:46:31 --- Applying ModifyStatEffect with VALUE=2, VALUE_NAME=defense_all on Soldier id-0 
15:46:31 --- Soldier's  defense_min :  2  --->  4 
15:46:31 --- Soldier's  defense_base :  4  --->  6 
15:46:31 --- Soldier's  defense_max :  5  --->  7 
15:46:31 --- Applied ModifyStatEffect with VALUE=2, VALUE_NAME=defense_all on Soldier id-0  
15:46:31 --- Applied Continuous ModifyStatEffect with VALUE=2, VALUE_NAME=defense_all
 retainCondition: elements.exec.condition.Conditions@3faf2e7d on Soldier id-0  
15:46:31 --- Soldier's cur  AP :  3  --->  1 
15:46:31 --- Applying ModifyStatEffect with VALUE=2, VALUE_NAME=defense_all on Soldier id-0 
15:46:31 --- Applied ModifyStatEffect with VALUE=2, VALUE_NAME=defense_all on Soldier id-0  
15:46:31 --- Brace :  value  VAR set to  2  for  CustomTargetEffect 
15:46:31 --- Brace :  value_name  VAR set to  defense_all  for  CustomTargetEffect 
15:46:31 --- Applying Continuous ModifyStatEffect with VALUE=2, VALUE_NAME=defense_all
 retainCondition: elements.exec.condition.Conditions@4648ce9 on Soldier id-0 
15:46:31 --- Applying ModifyStatEffect with VALUE=2, VALUE_NAME=defense_all on Soldier id-0 
15:46:31 --- Applied ModifyStatEffect with VALUE=2, VALUE_NAME=defense_all on Soldier id-0  
15:46:31 --- Applied Continuous ModifyStatEffect with VALUE=2, VALUE_NAME=defense_all
 retainCondition: elements.exec.condition.Conditions@4648ce9 on Soldier id-0  
15:46:31 --- Applying ModifyStatEffect with VALUE=2, VALUE_NAME=defense_all on Soldier id-0 
15:46:31 --- Applied ModifyStatEffect with VALUE=2, VALUE_NAME=defense_all on Soldier id-0  
15:46:31 --- Applying ModifyStatEffect with VALUE=2, VALUE_NAME=defense_all on Soldier id-0 
15:46:31 --- Applied ModifyStatEffect with VALUE=2, VALUE_NAME=defense_all on Soldier id-0  
]]></system-out>
  <system-err><![CDATA[]]></system-err>
</testsuite>
